<?xml version="1.0" encoding="UTF-8"?>
<testsuite xmlns:xsi="http://www.w3.org/2001/XMLSchema-instance" xsi:noNamespaceSchemaLocation="https://maven.apache.org/surefire/maven-surefire-plugin/xsd/surefire-test-report-3.0.xsd" version="3.0" name="TestSuite" time="1.056" tests="19" errors="0" skipped="1" failures="4">
  <properties>
[...]
</properties>
  <testcase name="testMultiDoubles[49.0, 2.5, 122.5](1)" classname="hw1.MultiplicationTest" time="0.001">
    <failure message="expected [122.5] but found [122.0]" type="java.lang.AssertionError"><![CDATA[java.lang.AssertionError: expected [122.5] but found [122.0]
	at hw1.MultiplicationTest.testMultiDoubles(MultiplicationTest.java:28)
]]></failure>
    <system-out><![CDATA[[TestNGContentHandler] [WARN] It is strongly recommended to add "<!DOCTYPE suite SYSTEM "http://testng.org/testng-1.0.dtd" >" at the top of your file, otherwise TestNG may fail or not work as expected.
]]></system-out>
  </testcase>
  <testcase name="testMultiDoubles[0.0, 0.89, 0.0](2)" classname="hw1.MultiplicationTest" time="0"/>
  <testcase name="testMultiDoubles[-5.6, 8.5, -47.599999999999994](3)" classname="hw1.MultiplicationTest" time="0">
    <failure message="expected [-47.599999999999994] but found [-48.0]" type="java.lang.AssertionError"><![CDATA[java.lang.AssertionError: expected [-47.599999999999994] but found [-48.0]
	at hw1.MultiplicationTest.testMultiDoubles(MultiplicationTest.java:28)
]]></failure>
  </testcase>
  <testcase name="testMultiDoubles[-8.8, -9.8, 86.24000000000001](4)" classname="hw1.MultiplicationTest" time="0">
    <failure message="expected [86.24000000000001] but found [86.0]" type="java.lang.AssertionError"><![CDATA[java.lang.AssertionError: expected [86.24000000000001] but found [86.0]
	at hw1.MultiplicationTest.testMultiDoubles(MultiplicationTest.java:28)
]]></failure>
  </testcase>
  <testcase name="testMultiDoubles[0.0, 0.0, 0.0](5)" classname="hw1.MultiplicationTest" time="0"/>
  <testcase name="testMultiDoubles[12345.123, 54321.987, 6.70611611119401E8](6)" classname="hw1.MultiplicationTest" time="0">
    <failure message="expected [6.70611611119401E8] but found [6.70611611E8]" type="java.lang.AssertionError"><![CDATA[java.lang.AssertionError: expected [6.70611611119401E8] but found [6.70611611E8]
	at hw1.MultiplicationTest.testMultiDoubles(MultiplicationTest.java:28)
]]></failure>
  </testcase>
  <testcase name="testMultiLong[49, 2, 98](1)" classname="hw1.MultiplicationTest" time="0"/>
  <testcase name="testMultiLong[0, 5, 0](2)" classname="hw1.MultiplicationTest" time="0"/>
  <testcase name="testMultiLong[-5, 8, -40](3)" classname="hw1.MultiplicationTest" time="0"/>
  <testcase name="testMultiLong[-8, -9, 72](4)" classname="hw1.MultiplicationTest" time="0"/>
  <testcase name="testMultiLong[0, 0, 0](5)" classname="hw1.MultiplicationTest" time="0.001"/>
  <testcase name="testDivDoubles[49.0, 7.0, 7.0](1)" classname="hw1.DivisionTest" time="0"/>
  <testcase name="testDivDoubles[9.52, -5.6, -1.7](2)" classname="hw1.DivisionTest" time="0"/>
  <testcase name="testDivDoubles[-5.6, -5.6, 1.0](3)" classname="hw1.DivisionTest" time="0"/>
  <testcase name="testDivDoubles[0.0, 8.8, 0.0](4)" classname="hw1.DivisionTest" time="0"/>
  <testcase name="testDivDoubles[0.0, 0.0, NaN](5)" classname="hw1.DivisionTest" time="0"/>
  <testcase name="testDivDoubles[-9.8, 0.0, -Infinity](6)" classname="hw1.DivisionTest" time="0"/>
  <testcase name="testDivDoubles[0.123, 654.5, 1.8792971734148204E-4](7)" classname="hw1.DivisionTest" time="0"/>
  <testcase name="testDivLong" classname="hw1.DivisionTest" time="0">
    <skipped message="java.lang.ArithmeticException: / by zero"/>
    <system-err><![CDATA[[Error] java.lang.ArithmeticException: / by zero
	at hw1.DivisionTest.DivLong(DivisionTest.java:24)
	at java.base/jdk.internal.reflect.NativeMethodAccessorImpl.invoke0(Native Method)
	at java.base/jdk.internal.reflect.NativeMethodAccessorImpl.invoke(NativeMethodAccessorImpl.java:62)
	at java.base/jdk.internal.reflect.DelegatingMethodAccessorImpl.invoke(DelegatingMethodAccessorImpl.java:43)
	at java.base/java.lang.reflect.Method.invoke(Method.java:566)
	at org.testng.internal.MethodInvocationHelper.invokeMethod(MethodInvocationHelper.java:104)
	at org.testng.internal.MethodInvocationHelper.invokeMethod(MethodInvocationHelper.java:55)
	at org.testng.internal.MethodInvocationHelper.invokeMethodNoCheckedException(MethodInvocationHelper.java:45)
	at org.testng.internal.MethodInvocationHelper.invokeDataProvider(MethodInvocationHelper.java:111)
	at org.testng.internal.Parameters.handleParameters(Parameters.java:509)
	at org.testng.internal.Invoker.handleParameters(Invoker.java:1293)
	at org.testng.internal.Invoker.createParameters(Invoker.java:1020)
	at org.testng.internal.Invoker.invokeTestMethods(Invoker.java:1110)
	at org.testng.internal.TestMethodWorker.invokeTestMethods(TestMethodWorker.java:129)
	at org.testng.internal.TestMethodWorker.run(TestMethodWorker.java:112)
	at org.testng.TestRunner.privateRun(TestRunner.java:756)
	at org.testng.TestRunner.run(TestRunner.java:610)
	at org.testng.SuiteRunner.runTest(SuiteRunner.java:387)
	at org.testng.SuiteRunner.runSequentially(SuiteRunner.java:382)
	at org.testng.SuiteRunner.privateRun(SuiteRunner.java:340)
	at org.testng.SuiteRunner.run(SuiteRunner.java:289)
	at org.testng.SuiteRunnerWorker.runSuite(SuiteRunnerWorker.java:52)
	at org.testng.SuiteRunnerWorker.run(SuiteRunnerWorker.java:86)
	at org.testng.TestNG.runSuitesSequentially(TestNG.java:1293)
	at org.testng.TestNG.runSuitesLocally(TestNG.java:1218)
	at org.testng.TestNG.runSuites(TestNG.java:1133)
	at org.testng.TestNG.run(TestNG.java:1104)
	at org.apache.maven.surefire.testng.TestNGExecutor.run(TestNGExecutor.java:284)
	at org.apache.maven.surefire.testng.TestNGXmlTestSuite.execute(TestNGXmlTestSuite.java:75)
	at org.apache.maven.surefire.testng.TestNGProvider.invoke(TestNGProvider.java:119)
	at org.apache.maven.surefire.booter.ForkedBooter.runSuitesInProcess(ForkedBooter.java:428)
	at org.apache.maven.surefire.booter.ForkedBooter.execute(ForkedBooter.java:162)
	at org.apache.maven.surefire.booter.ForkedBooter.run(ForkedBooter.java:562)
	at org.apache.maven.surefire.booter.ForkedBooter.main(ForkedBooter.java:548)

]]></system-err>
  </testcase>
</testsuite>