<?xml version="1.0" encoding="UTF-8"?>
<!-- Generated by org.testng.reporters.JUnitXMLReporter -->
<testsuite ignored="0" hostname="430G5" failures="0" tests="7" name="Command line test" time="0.052" errors="0" timestamp="14 мар. 2021 15:57:48 GMT">
  <testcase classname="hw1.AdditionTest" name="testAddDoubles" time="0.011"/>
  <testcase classname="hw1.AdditionTest" name="testAddDoubles" time="0.0"/>
  <testcase classname="hw1.AdditionTest" name="testAddDoubles" time="0.0"/>
  <testcase classname="hw1.AdditionTest" name="testAddDoubles" time="0.001"/>
  <testcase classname="hw1.AdditionTest" name="testAddDoubles" time="0.0"/>
  <testcase classname="hw1.AdditionTest" name="testAddDoubles" time="0.0"/>
  <testcase classname="hw1.AdditionTest" name="testAddDoubles" time="0.001"/>
</testsuite> <!-- Command line test -->
