<?xml version="1.0" encoding="UTF-8"?>
<!-- Generated by org.testng.reporters.JUnitXMLReporter -->
<testsuite ignored="0" hostname="430G5" failures="0" tests="27" name="TestSuite2" time="0.065" errors="0" timestamp="14 мар. 2021 18:32:53 GMT">
  <testcase classname="hw1.AdditionTest" name="testAddDoubles" time="0.01"/>
  <testcase classname="hw1.AdditionTest" name="testAddDoubles" time="0.0"/>
  <testcase classname="hw1.AdditionTest" name="testAddDoubles" time="0.001"/>
  <testcase classname="hw1.AdditionTest" name="testAddDoubles" time="0.0"/>
  <testcase classname="hw1.AdditionTest" name="testAddDoubles" time="0.0"/>
  <testcase classname="hw1.AdditionTest" name="testAddDoubles" time="0.0"/>
  <testcase classname="hw1.AdditionTest" name="testAddDoubles" time="0.0"/>
  <testcase classname="hw1.AdditionTest" name="testAddLong" time="0.0"/>
  <testcase classname="hw1.AdditionTest" name="testAddLong" time="0.0"/>
  <testcase classname="hw1.AdditionTest" name="testAddLong" time="0.0"/>
  <testcase classname="hw1.AdditionTest" name="testAddLong" time="0.0"/>
  <testcase classname="hw1.AdditionTest" name="testAddLong" time="0.001"/>
  <testcase classname="hw1.SubtractionTest" name="testSubDoubles" time="0.0"/>
  <testcase classname="hw1.SubtractionTest" name="testSubDoubles" time="0.001"/>
  <testcase classname="hw1.SubtractionTest" name="testSubDoubles" time="0.0"/>
  <testcase classname="hw1.SubtractionTest" name="testSubDoubles" time="0.001"/>
  <testcase classname="hw1.SubtractionTest" name="testSubDoubles" time="0.001"/>
  <testcase classname="hw1.SubtractionTest" name="testSubDoubles" time="0.0"/>
  <testcase classname="hw1.SubtractionTest" name="testSubDoubles" time="0.0"/>
  <testcase classname="hw1.SubtractionTest" name="testSubDoubles" time="0.0"/>
  <testcase classname="hw1.SubtractionTest" name="testSubDoubles" time="0.001"/>
  <testcase classname="hw1.SubtractionTest" name="testSubLong" time="0.0"/>
  <testcase classname="hw1.SubtractionTest" name="testSubLong" time="0.0"/>
  <testcase classname="hw1.SubtractionTest" name="testSubLong" time="0.001"/>
  <testcase classname="hw1.SubtractionTest" name="testSubLong" time="0.0"/>
  <testcase classname="hw1.SubtractionTest" name="testSubLong" time="0.0"/>
  <testcase classname="hw1.SubtractionTest" name="testSubLong" time="0.001"/>
</testsuite> <!-- TestSuite2 -->
